16:45:54.167 [main] INFO  org.aviasales.Services.FlightsService - loading all flights
16:45:54.379 [main] INFO  org.aviasales.Services.BookingsService - loading all bookings
16:24:38.282 [main] INFO  org.aviasales.Services.FlightsService - loading all flights
16:24:38.501 [main] INFO  org.aviasales.Services.BookingsService - loading all bookings
16:25:51.430 [main] INFO  org.aviasales.Services.CustomersService - loading all customers
16:46:45.455 [main] INFO  org.aviasales.Services.FlightsService - loading all flights
16:46:45.675 [main] INFO  org.aviasales.Services.BookingsService - loading all bookings
17:22:57.392 [main] INFO  org.aviasales.Services.FlightsService - loading all flights
17:22:57.613 [main] INFO  org.aviasales.Services.BookingsService - loading all bookings
17:56:38.814 [main] INFO  org.aviasales.Services.FlightsService - loading all flights
17:56:39.022 [main] INFO  org.aviasales.Services.BookingsService - loading all bookings
23:02:55.022 [main] INFO  org.aviasales.Services.FlightsService - saving all flights
23:02:55.032 [main] INFO  org.aviasales.Services.BookingsService - saving all bookings
23:02:55.034 [main] INFO  org.aviasales.Services.CustomersService - saving all customers
23:19:52.837 [main] INFO  org.aviasales.Services.FlightsService - saving all flights
23:19:52.847 [main] INFO  org.aviasales.Services.BookingsService - saving all bookings
23:19:52.849 [main] INFO  org.aviasales.Services.CustomersService - saving all customers
23:20:04.650 [main] INFO  org.aviasales.Services.BookingsService - searching booking by human's name and surname
23:20:20.751 [main] INFO  org.aviasales.Services.BookingsService - getting booking by id
23:20:20.752 [main] INFO  org.aviasales.Services.BookingsService - getting booking by id
23:20:20.752 [main] INFO  org.aviasales.Services.BookingsService - deleting booking by id
23:20:20.752 [main] INFO  org.aviasales.Services.BookingsService - getting booking by id
23:20:32.969 [main] INFO  org.aviasales.Services.FlightsService - saving all flights
23:20:32.978 [main] INFO  org.aviasales.Services.BookingsService - saving all bookings
23:20:32.979 [main] INFO  org.aviasales.Services.CustomersService - saving all customers
23:20:44.889 [main] INFO  org.aviasales.Services.BookingsService - searching booking by human's name and surname
23:20:52.915 [main] INFO  org.aviasales.Services.BookingsService - getting booking by id
23:20:52.916 [main] INFO  org.aviasales.Services.BookingsService - getting booking by id
23:20:52.916 [main] INFO  org.aviasales.Services.BookingsService - deleting booking by id
23:20:52.917 [main] INFO  org.aviasales.Services.BookingsService - getting booking by id
23:22:25.679 [main] INFO  org.aviasales.Services.FlightsService - saving all flights
23:22:25.687 [main] INFO  org.aviasales.Services.BookingsService - saving all bookings
23:22:25.690 [main] INFO  org.aviasales.Services.CustomersService - saving all customers
23:22:34.685 [main] INFO  org.aviasales.Services.BookingsService - getting booking by id
23:22:34.685 [main] INFO  org.aviasales.Services.BookingsService - deleting booking by id
23:22:34.686 [main] INFO  org.aviasales.Services.BookingsService - getting booking by id
23:23:08.694 [main] INFO  org.aviasales.Services.FlightsService - saving all flights
23:23:08.705 [main] INFO  org.aviasales.Services.BookingsService - saving all bookings
23:23:08.707 [main] INFO  org.aviasales.Services.CustomersService - saving all customers
23:23:15.183 [main] INFO  org.aviasales.Services.BookingsService - getting booking by id
23:23:15.184 [main] INFO  org.aviasales.Services.BookingsService - deleting booking by id
23:23:15.184 [main] INFO  org.aviasales.Services.BookingsService - getting booking by id
23:25:26.959 [main] INFO  org.aviasales.Services.FlightsService - saving all flights
23:25:26.966 [main] INFO  org.aviasales.Services.BookingsService - saving all bookings
23:25:26.968 [main] INFO  org.aviasales.Services.CustomersService - saving all customers
23:25:30.637 [main] INFO  org.aviasales.Services.BookingsService - getting booking by id
23:25:30.638 [main] INFO  org.aviasales.Services.BookingsService - deleting booking by id
23:25:42.406 [main] INFO  org.aviasales.Services.BookingsService - searching booking by human's name and surname
23:31:59.264 [main] INFO  org.aviasales.Services.FlightsService - saving all flights
23:31:59.271 [main] INFO  org.aviasales.Services.BookingsService - saving all bookings
23:31:59.273 [main] INFO  org.aviasales.Services.CustomersService - saving all customers
23:32:11.529 [main] INFO  org.aviasales.Services.FlightsService - getting flight by id
23:32:11.538 [main] INFO  org.aviasales.Services.BookingsService - getting booking by id
23:32:55.495 [main] INFO  org.aviasales.Services.FlightsService - saving all flights
23:32:55.503 [main] INFO  org.aviasales.Services.BookingsService - saving all bookings
23:32:55.505 [main] INFO  org.aviasales.Services.CustomersService - saving all customers
23:32:59.735 [main] INFO  org.aviasales.Services.FlightsService - getting flight by id
23:32:59.744 [main] INFO  org.aviasales.Services.BookingsService - getting booking by id
23:33:20.345 [main] INFO  org.aviasales.Services.FlightsService - saving all flights
23:33:20.354 [main] INFO  org.aviasales.Services.BookingsService - saving all bookings
23:33:20.356 [main] INFO  org.aviasales.Services.CustomersService - saving all customers
23:33:26.764 [main] INFO  org.aviasales.Services.FlightsService - getting flight by id
23:33:26.772 [main] INFO  org.aviasales.Services.BookingsService - getting booking by id
23:34:31.060 [main] INFO  org.aviasales.Services.FlightsService - saving all flights
23:34:31.068 [main] INFO  org.aviasales.Services.BookingsService - saving all bookings
23:34:31.070 [main] INFO  org.aviasales.Services.CustomersService - saving all customers
23:34:35.979 [main] INFO  org.aviasales.Services.FlightsService - getting flight by id
23:34:35.988 [main] INFO  org.aviasales.Services.BookingsService - getting booking by id
23:34:35.989 [main] INFO  org.aviasales.Services.BookingsService - getting booking by id
23:35:08.509 [main] INFO  org.aviasales.Services.FlightsService - saving all flights
23:35:08.518 [main] INFO  org.aviasales.Services.BookingsService - saving all bookings
23:35:08.520 [main] INFO  org.aviasales.Services.CustomersService - saving all customers
23:35:22.124 [main] INFO  org.aviasales.Services.BookingsService - searching booking by human's name and surname
23:35:52.822 [main] INFO  org.aviasales.Services.BookingsService - getting booking by id
23:35:52.822 [main] INFO  org.aviasales.Services.BookingsService - getting booking by id
23:35:52.823 [main] INFO  org.aviasales.Services.BookingsService - deleting booking by id
23:38:36.825 [main] INFO  org.aviasales.Services.FlightsService - saving all flights
23:38:36.834 [main] INFO  org.aviasales.Services.BookingsService - saving all bookings
23:38:36.837 [main] INFO  org.aviasales.Services.CustomersService - saving all customers
23:38:45.776 [main] INFO  org.aviasales.Services.BookingsService - searching booking by human's name and surname
23:38:53.017 [main] INFO  org.aviasales.Services.BookingsService - getting booking by id
23:38:53.018 [main] INFO  org.aviasales.Services.BookingsService - getting booking by id
23:38:53.018 [main] INFO  org.aviasales.Services.BookingsService - deleting booking by id
23:38:53.018 [main] INFO  org.aviasales.Services.BookingsService - getting booking by id
23:43:32.564 [main] INFO  org.aviasales.Services.FlightsService - saving all flights
23:43:32.572 [main] INFO  org.aviasales.Services.BookingsService - saving all bookings
23:43:32.575 [main] INFO  org.aviasales.Services.CustomersService - saving all customers
23:43:40.905 [main] INFO  org.aviasales.Services.BookingsService - getting booking by id
23:43:40.906 [main] INFO  org.aviasales.Services.BookingsService - getting booking by id
23:43:40.906 [main] INFO  org.aviasales.Services.BookingsService - deleting booking by id
23:43:40.906 [main] INFO  org.aviasales.Services.BookingsService - getting booking by id
23:44:43.888 [main] INFO  org.aviasales.Services.FlightsService - saving all flights
23:44:43.896 [main] INFO  org.aviasales.Services.BookingsService - saving all bookings
23:44:43.898 [main] INFO  org.aviasales.Services.CustomersService - saving all customers
23:44:48.781 [main] INFO  org.aviasales.Services.BookingsService - getting booking by id
23:44:48.782 [main] INFO  org.aviasales.Services.BookingsService - getting booking by id
23:44:48.782 [main] INFO  org.aviasales.Services.BookingsService - getting booking by id
23:44:48.783 [main] INFO  org.aviasales.Services.BookingsService - deleting booking by id
23:44:48.783 [main] INFO  org.aviasales.Services.BookingsService - getting booking by id
23:45:50.271 [main] INFO  org.aviasales.Services.FlightsService - saving all flights
23:45:50.279 [main] INFO  org.aviasales.Services.BookingsService - saving all bookings
23:45:50.282 [main] INFO  org.aviasales.Services.CustomersService - saving all customers
23:45:53.998 [main] INFO  org.aviasales.Services.BookingsService - getting booking by id
23:45:53.999 [main] INFO  org.aviasales.Services.BookingsService - getting booking by id
23:45:53.999 [main] INFO  org.aviasales.Services.BookingsService - getting booking by id
23:45:53.999 [main] INFO  org.aviasales.Services.BookingsService - deleting booking by id
23:46:30.582 [main] INFO  org.aviasales.Services.FlightsService - saving all flights
23:46:30.590 [main] INFO  org.aviasales.Services.BookingsService - saving all bookings
23:46:30.592 [main] INFO  org.aviasales.Services.CustomersService - saving all customers
23:46:34.675 [main] INFO  org.aviasales.Services.BookingsService - getting booking by id
23:46:34.676 [main] INFO  org.aviasales.Services.BookingsService - getting booking by id
23:46:34.676 [main] INFO  org.aviasales.Services.BookingsService - getting booking by id
23:46:34.676 [main] INFO  org.aviasales.Services.BookingsService - deleting booking by id
23:48:14.923 [main] INFO  org.aviasales.Services.FlightsService - saving all flights
23:48:14.930 [main] INFO  org.aviasales.Services.BookingsService - saving all bookings
23:48:14.932 [main] INFO  org.aviasales.Services.CustomersService - saving all customers
23:48:19.793 [main] INFO  org.aviasales.Services.BookingsService - getting booking by id
23:48:19.793 [main] INFO  org.aviasales.Services.BookingsService - getting booking by id
23:48:19.793 [main] INFO  org.aviasales.Services.BookingsService - getting booking by id
23:48:19.794 [main] INFO  org.aviasales.Services.BookingsService - getting booking by id
23:48:19.794 [main] INFO  org.aviasales.Services.BookingsService - deleting booking by id
23:50:06.723 [main] INFO  org.aviasales.Services.FlightsService - saving all flights
23:50:06.732 [main] INFO  org.aviasales.Services.BookingsService - saving all bookings
23:50:06.734 [main] INFO  org.aviasales.Services.CustomersService - saving all customers
23:50:09.968 [main] INFO  org.aviasales.Services.BookingsService - getting booking by id
23:50:09.969 [main] INFO  org.aviasales.Services.BookingsService - getting booking by id
23:50:09.969 [main] INFO  org.aviasales.Services.BookingsService - getting booking by id
23:50:09.969 [main] INFO  org.aviasales.Services.BookingsService - deleting booking by id
23:50:09.970 [main] INFO  org.aviasales.Services.FlightsService - adding ticket after flight cancel
23:50:52.147 [main] INFO  org.aviasales.Services.FlightsService - saving all flights
23:50:52.155 [main] INFO  org.aviasales.Services.BookingsService - saving all bookings
23:50:52.157 [main] INFO  org.aviasales.Services.CustomersService - saving all customers
23:50:56.817 [main] INFO  org.aviasales.Services.BookingsService - getting booking by id
23:50:56.818 [main] INFO  org.aviasales.Services.BookingsService - getting booking by id
23:50:56.818 [main] INFO  org.aviasales.Services.BookingsService - getting booking by id
23:50:56.819 [main] INFO  org.aviasales.Services.BookingsService - deleting booking by id
23:50:56.819 [main] INFO  org.aviasales.Services.FlightsService - adding ticket after flight cancel
23:51:20.227 [main] INFO  org.aviasales.Services.FlightsService - saving all flights
23:51:20.236 [main] INFO  org.aviasales.Services.BookingsService - saving all bookings
23:51:20.238 [main] INFO  org.aviasales.Services.CustomersService - saving all customers
23:51:24.329 [main] INFO  org.aviasales.Services.BookingsService - getting booking by id
23:51:24.330 [main] INFO  org.aviasales.Services.BookingsService - getting booking by id
23:51:24.330 [main] INFO  org.aviasales.Services.BookingsService - getting booking by id
23:51:24.330 [main] INFO  org.aviasales.Services.BookingsService - deleting booking by id
23:51:24.330 [main] INFO  org.aviasales.Services.FlightsService - adding ticket after flight cancel
23:51:24.332 [main] INFO  org.aviasales.Services.BookingsService - getting booking by id
23:52:18.982 [main] INFO  org.aviasales.Services.FlightsService - saving all flights
23:52:18.990 [main] INFO  org.aviasales.Services.BookingsService - saving all bookings
23:52:18.992 [main] INFO  org.aviasales.Services.CustomersService - saving all customers
23:52:22.581 [main] INFO  org.aviasales.Services.BookingsService - getting booking by id
23:52:22.581 [main] INFO  org.aviasales.Services.BookingsService - getting booking by id
23:52:22.581 [main] INFO  org.aviasales.Services.BookingsService - getting booking by id
23:52:22.582 [main] INFO  org.aviasales.Services.BookingsService - deleting booking by id
23:52:22.582 [main] INFO  org.aviasales.Services.FlightsService - adding ticket after flight cancel
23:52:22.584 [main] INFO  org.aviasales.Services.BookingsService - getting booking by id
23:53:28.156 [main] INFO  org.aviasales.Services.FlightsService - saving all flights
23:53:28.164 [main] INFO  org.aviasales.Services.BookingsService - saving all bookings
23:53:28.166 [main] INFO  org.aviasales.Services.CustomersService - saving all customers
23:53:31.441 [main] INFO  org.aviasales.Services.BookingsService - getting booking by id
23:53:31.442 [main] INFO  org.aviasales.Services.BookingsService - getting booking by id
23:53:31.442 [main] INFO  org.aviasales.Services.FlightsService - adding ticket after flight cancel
23:53:31.444 [main] INFO  org.aviasales.Services.BookingsService - getting booking by id
23:53:31.444 [main] INFO  org.aviasales.Services.BookingsService - getting booking by id
23:53:31.444 [main] INFO  org.aviasales.Services.BookingsService - deleting booking by id
23:53:31.444 [main] INFO  org.aviasales.Services.FlightsService - adding ticket after flight cancel
23:53:31.445 [main] INFO  org.aviasales.Services.BookingsService - getting booking by id
23:55:40.159 [main] INFO  org.aviasales.Services.FlightsService - saving all flights
23:55:40.166 [main] INFO  org.aviasales.Services.BookingsService - saving all bookings
23:55:40.169 [main] INFO  org.aviasales.Services.CustomersService - saving all customers
23:55:43.894 [main] INFO  org.aviasales.Services.BookingsService - getting booking by id
23:55:43.895 [main] INFO  org.aviasales.Services.BookingsService - getting booking by id
23:55:43.895 [main] INFO  org.aviasales.Services.BookingsService - getting booking by id
23:55:43.895 [main] INFO  org.aviasales.Services.FlightsService - adding ticket after flight cancel
23:55:43.897 [main] INFO  org.aviasales.Services.BookingsService - getting booking by id
23:55:43.897 [main] INFO  org.aviasales.Services.BookingsService - getting booking by id
23:55:43.897 [main] INFO  org.aviasales.Services.BookingsService - deleting booking by id
23:55:43.897 [main] INFO  org.aviasales.Services.FlightsService - adding ticket after flight cancel
23:57:01.130 [main] INFO  org.aviasales.Services.FlightsService - saving all flights
23:57:01.139 [main] INFO  org.aviasales.Services.BookingsService - saving all bookings
23:57:01.141 [main] INFO  org.aviasales.Services.CustomersService - saving all customers
23:57:04.591 [main] INFO  org.aviasales.Services.BookingsService - getting booking by id
23:57:04.592 [main] INFO  org.aviasales.Services.BookingsService - getting booking by id
23:57:04.592 [main] INFO  org.aviasales.Services.BookingsService - getting booking by id
23:57:04.593 [main] INFO  org.aviasales.Services.FlightsService - adding ticket after flight cancel
23:57:04.594 [main] INFO  org.aviasales.Services.BookingsService - getting booking by id
23:57:04.594 [main] INFO  org.aviasales.Services.BookingsService - getting booking by id
23:57:04.594 [main] INFO  org.aviasales.Services.BookingsService - deleting booking by id
23:57:04.594 [main] INFO  org.aviasales.Services.FlightsService - adding ticket after flight cancel
